<?xml version="1.0" encoding="UTF-8"?>
<!-- Generated by org.testng.reporters.JUnitReportReporter -->
<testsuite skipped="0" hostname="Malik" name="runners.TestRunner" tests="1" failures="0" timestamp="02 Jul 2018 22:01:33 GMT" time="72.542" errors="0">
  <testcase name="feature" time="72.542" classname="runners.TestRunner"/>
</testsuite> <!-- runners.TestRunner -->
